    %Error: /home/runner/work/tt_um_neutern_0/tt_um_neutern_0/src/neuron_compute/src/neuron_compute_core.sv:38:43: Can't find definition of variable: 'NEURON_WORKER_START_W'
       38 |     localparam int unsigned START_W     = NEURON_WORKER_START_W;
          |                                           ^~~~~~~~~~~~~~~~~~~~~
            ... See the manual at https://verilator.org/verilator_doc.html?v=5.044 for more assistance.
    %Error: /home/runner/work/tt_um_neutern_0/tt_um_neutern_0/src/neuron_compute/src/neuron_compute_core.sv:41:43: Can't find definition of variable: 'NEURON_WORKER_RESULT_W'
                                                                                                                 : ... Suggested alternative: 'NEURON_WORKER_START_W'
       41 |     localparam int unsigned RESULT_W    = NEURON_WORKER_RESULT_W;
          |                                           ^~~~~~~~~~~~~~~~~~~~~~
    %Error: /home/runner/work/tt_um_neutern_0/tt_um_neutern_0/src/tile/src/tile_top.sv:412:20: Signal definition not found, and implicit disabled with `default_nettype: 'FANOUT_WRITE_REQ_W'
                                                                                             : ... Suggested alternative: 'FANOUT_READ_RSP_W'
      412 |     rv_if #(.WIDTH(FANOUT_WRITE_REQ_W)) fanout_write_if();
          |                    ^~~~~~~~~~~~~~~~~~
    %Error: /home/runner/work/tt_um_neutern_0/tt_um_neutern_0/src/tile/src/tile_top.sv:1364:20: Signal definition not found, and implicit disabled with `default_nettype: 'NEURON_WORKER_START_W'
     1364 |     rv_if #(.WIDTH(NEURON_WORKER_START_W))  worker_start_if();
          |                    ^~~~~~~~~~~~~~~~~~~~~
    %Error: /home/runner/work/tt_um_neutern_0/tt_um_neutern_0/src/tile/src/tile_top.sv:1367:20: Signal definition not found, and implicit disabled with `default_nettype: 'NEURON_WORKER_RESULT_W'
                                                                                              : ... Suggested alternative: 'NEURON_WORKER_START_W'
     1367 |     rv_if #(.WIDTH(NEURON_WORKER_RESULT_W)) worker_result_if();
          |                    ^~~~~~~~~~~~~~~~~~~~~~
    %Error: Exiting due to 5 error(s)